/home/lirujun/my_develop/vpp/build-data/../vnet/vnet/unix/tuntap.c: In function ‘tuntap_tx’:
/home/lirujun/my_develop/vpp/build-data/../vnet/vnet/unix/tuntap.c:156:22: warning: unused variable ‘iov’ [-Wunused-variable]
       struct iovec * iov;
                      ^
/home/lirujun/my_develop/vpp/build-data/../vnet/vnet/unix/tuntap.c: In function ‘tuntap_rx’:
/home/lirujun/my_develop/vpp/build-data/../vnet/vnet/unix/tuntap.c:282:9: warning: format ‘%x’ expects argument of type ‘unsigned int’, but argument 2 has type ‘u8 * {aka unsigned char *}’ [-Wformat=]
  printf("b->data %x\n", b->data);
         ^
/home/lirujun/my_develop/vpp/build-data/../vnet/vnet/unix/tuntap.c:293:12: warning: format ‘%d’ expects argument of type ‘int’, but argument 2 has type ‘size_t {aka long unsigned int}’ [-Wformat=]
     printf("len = %d\n", tm->iovecs[0].iov_len);
            ^
/home/lirujun/my_develop/vpp/build-data/../vnet/vnet/unix/tuntap.c:295:12: warning: format ‘%x’ expects argument of type ‘unsigned int’, but argument 2 has type ‘vlib_buffer_t * {aka struct <anonymous> *}’ [-Wformat=]
     printf("vlib_buffer address %x\n", b);
            ^
/home/lirujun/my_develop/vpp/build-data/../vnet/vnet/unix/tuntap.c:296:12: warning: format ‘%x’ expects argument of type ‘unsigned int’, but argument 2 has type ‘void *’ [-Wformat=]
     printf("iovecs data address %x\n", tm->iovecs[0].iov_base);
            ^
/home/lirujun/my_develop/vpp/build-data/../vnet/vnet/unix/tuntap.c:324:9: warning: format ‘%d’ expects argument of type ‘int’, but argument 2 has type ‘uword {aka long unsigned int}’ [-Wformat=]
  printf("i_rx = %d\n", i_rx);
         ^
