/home/lirujun/my_develop/vpp/build-data/../vnet/vnet/unix/tuntap.c: In function ‘tuntap_tx’:
/home/lirujun/my_develop/vpp/build-data/../vnet/vnet/unix/tuntap.c:161:22: warning: unused variable ‘iov’ [-Wunused-variable]
       struct iovec * iov;
                      ^
/home/lirujun/my_develop/vpp/build-data/../vnet/vnet/unix/tuntap.c: In function ‘tuntap_rx’:
/home/lirujun/my_develop/vpp/build-data/../vnet/vnet/unix/tuntap.c:242:23: warning: passing argument 1 of ‘pthread_rwlock_init’ from incompatible pointer type [-Wincompatible-pointer-types]
   pthread_rwlock_init(&rwlock,NULL);
                       ^
In file included from /home/lirujun/my_develop/vpp/build-data/../vnet/vnet/unix/tuntap.c:27:0:
/usr/include/pthread.h:888:12: note: expected ‘pthread_rwlock_t * restrict {aka union <anonymous> * restrict}’ but argument is of type ‘pthread_rwlock_t ** {aka union <anonymous> **}’
 extern int pthread_rwlock_init (pthread_rwlock_t *__restrict __rwlock,
            ^
/home/lirujun/my_develop/vpp/build-data/../vnet/vnet/unix/tuntap.c:276:10: warning: unused variable ‘i’ [-Wunused-variable]
     word i, n_bytes_in_packet;
          ^
/home/lirujun/my_develop/vpp/build-data/../vnet/vnet/unix/tuntap.c: In function ‘mtcp_config’:
/home/lirujun/my_develop/vpp/build-data/../vnet/vnet/unix/tuntap.c:514:7: warning: unused variable ‘flags’ [-Wunused-variable]
   int flags = IFF_TAP | IFF_NO_PI;
       ^
/home/lirujun/my_develop/vpp/build-data/../vnet/vnet/unix/tuntap.c:511:15: warning: unused variable ‘buffer_size’ [-Wunused-variable]
   const uword buffer_size = VLIB_BUFFER_DATA_SIZE;
               ^
/home/lirujun/my_develop/vpp/build-data/../vnet/vnet/unix/tuntap.c:509:7: warning: unused variable ‘is_enabled’ [-Wunused-variable]
   int is_enabled = 1, is_ether =1 , have_normal_interface = 1;
       ^
/home/lirujun/my_develop/vpp/build-data/../vnet/vnet/unix/tuntap.c:508:8: warning: unused variable ‘name’ [-Wunused-variable]
   u8 * name;
        ^
/home/lirujun/my_develop/vpp/build-data/../vnet/vnet/unix/tuntap.c: At top level:
/home/lirujun/my_develop/vpp/build-data/../vnet/vnet/unix/tuntap.c:745:517: warning: initialization from incompatible pointer type [-Wincompatible-pointer-types]
/home/lirujun/my_develop/vpp/build-data/../vnet/vnet/unix/tuntap.c:745:517: note: (near initialization for ‘_vlib_config_function_mtcp_config.function’)
In file included from /home/lirujun/my_develop/mtcp/mtcp/src/include/socket.h:4:0,
                 from /home/lirujun/my_develop/mtcp/mtcp/src/include/mtcp.h:14,
                 from /home/lirujun/my_develop/vpp/build-data/../vnet/vnet/unix/tuntap.c:48:
/home/lirujun/my_develop/mtcp/mtcp/src/include/mtcp_api.h:128:1: warning: inline function ‘mtcp_read’ declared but never defined
 mtcp_read(mctx_t mctx, int sockid, char *buf, size_t len);
 ^
/home/lirujun/my_develop/vpp/build-data/../vnet/vnet/unix/tuntap.c:540:1: warning: ‘tuntap_config’ defined but not used [-Wunused-function]
 tuntap_config (vlib_main_t * vm, unformat_input_t * input)
 ^
